<?xml version="1.0" encoding="UTF-8"?>
<!-- Generated by org.testng.reporters.JUnitXMLReporter -->
<testsuite ignored="0" hostname="DESKTOP-NJMF2GL" failures="0" tests="1" name="Default test(failed)" time="0.055" errors="0" timestamp="02 Sep 2022 11:33:38 GMT">
  <testcase classname="Com.SacuceDemoTESTclass.TEST_BASE_CLASS" name="@BeforeMethod setUp" time="0.0">
    <failure type="org.testng.TestNGException" message="
Parameter &amp;apos;BrowserName&amp;apos; is required by BeforeMethod on method setUp but has not been marked @Optional or defined
in C:\Users\admin\eclipse-workspace\java practice\SauceDemoMavenProjectSomesh\test-output\Default suite\testng-failed.xml">
      <![CDATA[org.testng.TestNGException: 
Parameter 'BrowserName' is required by BeforeMethod on method setUp but has not been marked @Optional or defined
in C:\Users\admin\eclipse-workspace\java practice\SauceDemoMavenProjectSomesh\test-output\Default suite\testng-failed.xml
... Removed 25 stack frames]]>
    </failure>
  </testcase> <!-- @BeforeMethod setUp -->
  <testcase classname="Com.SacuceDemoTESTclass.TEST_BASE_CLASS" name="@AfterMethod tearDown" time="0.0">
    <skipped/>
  </testcase> <!-- @AfterMethod tearDown -->
  <testcase classname="Com.SacuceDemoTESTclass.TC001_VarifyLogInFuctionality" name="logInfunctionality" time="0.0">
    <skipped/>
  </testcase> <!-- logInfunctionality -->
</testsuite> <!-- Default test(failed) -->
