<?xml version="1.0" encoding="UTF-8"?>
<!-- Generated by org.testng.reporters.JUnitXMLReporter -->
<testsuite ignored="0" hostname="DESKTOP-NJMF2GL" failures="0" tests="7" name="Test" time="0.117" errors="0" timestamp="07 Aug 2022 10:36:10 GMT">
  <testcase classname="Com.SacuceDemoTESTclass.TEST_BASE_CLASS" name="@BeforeMethod setUp" time="0.0">
    <failure type="org.testng.TestNGException" message="
Parameter &amp;apos;BrowserName&amp;apos; is required by BeforeMethod on method setUp but has not been marked @Optional or defined
in C:\Users\admin\eclipse-workspace\java practice\SauceDemoMavenProject\testng.xml">
      <![CDATA[org.testng.TestNGException: 
Parameter 'BrowserName' is required by BeforeMethod on method setUp but has not been marked @Optional or defined
in C:\Users\admin\eclipse-workspace\java practice\SauceDemoMavenProject\testng.xml
... Removed 25 stack frames]]>
    </failure>
  </testcase> <!-- @BeforeMethod setUp -->
  <testcase classname="Com.SacuceDemoTESTclass.TEST_BASE_CLASS" name="@AfterMethod tearDown" time="0.0">
    <skipped/>
  </testcase> <!-- @AfterMethod tearDown -->
  <testcase classname="Com.SacuceDemoTESTclass.TEST_BASE_CLASS" name="@BeforeMethod setUp" time="0.0">
    <failure type="org.testng.TestNGException" message="
Parameter &amp;apos;BrowserName&amp;apos; is required by BeforeMethod on method setUp but has not been marked @Optional or defined
in C:\Users\admin\eclipse-workspace\java practice\SauceDemoMavenProject\testng.xml">
      <![CDATA[org.testng.TestNGException: 
Parameter 'BrowserName' is required by BeforeMethod on method setUp but has not been marked @Optional or defined
in C:\Users\admin\eclipse-workspace\java practice\SauceDemoMavenProject\testng.xml
... Removed 25 stack frames]]>
    </failure>
  </testcase> <!-- @BeforeMethod setUp -->
  <testcase classname="Com.SacuceDemoTESTclass.TEST_BASE_CLASS" name="@AfterMethod tearDown" time="0.0">
    <skipped/>
  </testcase> <!-- @AfterMethod tearDown -->
  <testcase classname="Com.SacuceDemoTESTclass.TEST_BASE_CLASS" name="@BeforeMethod setUp" time="0.0">
    <failure type="org.testng.TestNGException" message="
Parameter &amp;apos;BrowserName&amp;apos; is required by BeforeMethod on method setUp but has not been marked @Optional or defined
in C:\Users\admin\eclipse-workspace\java practice\SauceDemoMavenProject\testng.xml">
      <![CDATA[org.testng.TestNGException: 
Parameter 'BrowserName' is required by BeforeMethod on method setUp but has not been marked @Optional or defined
in C:\Users\admin\eclipse-workspace\java practice\SauceDemoMavenProject\testng.xml
... Removed 25 stack frames]]>
    </failure>
  </testcase> <!-- @BeforeMethod setUp -->
  <testcase classname="Com.SacuceDemoTESTclass.TEST_BASE_CLASS" name="@AfterMethod tearDown" time="0.0">
    <skipped/>
  </testcase> <!-- @AfterMethod tearDown -->
  <testcase classname="Com.SacuceDemoTESTclass.TEST_BASE_CLASS" name="@BeforeMethod setUp" time="0.0">
    <failure type="org.testng.TestNGException" message="
Parameter &amp;apos;BrowserName&amp;apos; is required by BeforeMethod on method setUp but has not been marked @Optional or defined
in C:\Users\admin\eclipse-workspace\java practice\SauceDemoMavenProject\testng.xml">
      <![CDATA[org.testng.TestNGException: 
Parameter 'BrowserName' is required by BeforeMethod on method setUp but has not been marked @Optional or defined
in C:\Users\admin\eclipse-workspace\java practice\SauceDemoMavenProject\testng.xml
... Removed 25 stack frames]]>
    </failure>
  </testcase> <!-- @BeforeMethod setUp -->
  <testcase classname="Com.SacuceDemoTESTclass.TEST_BASE_CLASS" name="@AfterMethod tearDown" time="0.0">
    <skipped/>
  </testcase> <!-- @AfterMethod tearDown -->
  <testcase classname="Com.SacuceDemoTESTclass.TEST_BASE_CLASS" name="@BeforeMethod setUp" time="0.0">
    <failure type="org.testng.TestNGException" message="
Parameter &amp;apos;BrowserName&amp;apos; is required by BeforeMethod on method setUp but has not been marked @Optional or defined
in C:\Users\admin\eclipse-workspace\java practice\SauceDemoMavenProject\testng.xml">
      <![CDATA[org.testng.TestNGException: 
Parameter 'BrowserName' is required by BeforeMethod on method setUp but has not been marked @Optional or defined
in C:\Users\admin\eclipse-workspace\java practice\SauceDemoMavenProject\testng.xml
... Removed 25 stack frames]]>
    </failure>
  </testcase> <!-- @BeforeMethod setUp -->
  <testcase classname="Com.SacuceDemoTESTclass.TEST_BASE_CLASS" name="@AfterMethod tearDown" time="0.0">
    <skipped/>
  </testcase> <!-- @AfterMethod tearDown -->
  <testcase classname="Com.SacuceDemoTESTclass.TEST_BASE_CLASS" name="@BeforeMethod setUp" time="0.0">
    <failure type="org.testng.TestNGException" message="
Parameter &amp;apos;BrowserName&amp;apos; is required by BeforeMethod on method setUp but has not been marked @Optional or defined
in C:\Users\admin\eclipse-workspace\java practice\SauceDemoMavenProject\testng.xml">
      <![CDATA[org.testng.TestNGException: 
Parameter 'BrowserName' is required by BeforeMethod on method setUp but has not been marked @Optional or defined
in C:\Users\admin\eclipse-workspace\java practice\SauceDemoMavenProject\testng.xml
... Removed 25 stack frames]]>
    </failure>
  </testcase> <!-- @BeforeMethod setUp -->
  <testcase classname="Com.SacuceDemoTESTclass.TEST_BASE_CLASS" name="@AfterMethod tearDown" time="0.0">
    <skipped/>
  </testcase> <!-- @AfterMethod tearDown -->
  <testcase classname="Com.SacuceDemoTESTclass.TEST_BASE_CLASS" name="@BeforeMethod setUp" time="0.0">
    <failure type="org.testng.TestNGException" message="
Parameter &amp;apos;BrowserName&amp;apos; is required by BeforeMethod on method setUp but has not been marked @Optional or defined
in C:\Users\admin\eclipse-workspace\java practice\SauceDemoMavenProject\testng.xml">
      <![CDATA[org.testng.TestNGException: 
Parameter 'BrowserName' is required by BeforeMethod on method setUp but has not been marked @Optional or defined
in C:\Users\admin\eclipse-workspace\java practice\SauceDemoMavenProject\testng.xml
... Removed 25 stack frames]]>
    </failure>
  </testcase> <!-- @BeforeMethod setUp -->
  <testcase classname="Com.SacuceDemoTESTclass.TEST_BASE_CLASS" name="@AfterMethod tearDown" time="0.0">
    <skipped/>
  </testcase> <!-- @AfterMethod tearDown -->
  <testcase classname="Com.SacuceDemoTESTclass.TC001_VarifyLogInFuctionality" name="logInfunctionality" time="0.0">
    <skipped/>
  </testcase> <!-- logInfunctionality -->
  <testcase classname="Com.SacuceDemoTESTclass.TC002_VarifyLogOutFuctionality" name="logOutfuctionality" time="0.0">
    <skipped/>
  </testcase> <!-- logOutfuctionality -->
  <testcase classname="Com.SacuceDemoTESTclass.TC003_VarifyAbleToBuyProduct" name="buyBagFuctionality" time="0.0">
    <skipped/>
  </testcase> <!-- buyBagFuctionality -->
  <testcase classname="Com.SacuceDemoTESTclass.TC004_VarifyAddMultipleProductInCart" name="multipleProductAddTOCard" time="0.0">
    <skipped/>
  </testcase> <!-- multipleProductAddTOCard -->
  <testcase classname="Com.SacuceDemoTESTclass.TC005_VarifyFilterDropdownFunctionality" name="filterDropDownFunctionality" time="0.0">
    <skipped/>
  </testcase> <!-- filterDropDownFunctionality -->
  <testcase classname="Com.SacuceDemoTESTclass.TC006_VarifyoneProductAddedTocart" name="oneProductAddToCard" time="0.0">
    <skipped/>
  </testcase> <!-- oneProductAddToCard -->
  <testcase classname="Com.SacuceDemoTESTclass.TC007_VarifyAbout" name="aboutFunctionality" time="0.0">
    <skipped/>
  </testcase> <!-- aboutFunctionality -->
</testsuite> <!-- Test -->
