<?xml version="1.0" encoding="UTF-8"?>
<!-- Generated by org.testng.reporters.JUnitXMLReporter -->
<testsuite ignored="0" hostname="DESKTOP-NJMF2GL" failures="0" tests="7" name="ChromeTest" time="12.918" errors="0" timestamp="02 Sep 2022 06:04:55 GMT">
  <testcase classname="Com.SacuceDemoTESTclass.TEST_BASE_CLASS" name="@BeforeMethod setUp" time="9.518">
    <failure type="org.openqa.selenium.SessionNotCreatedException" message="session not created: This version of ChromeDriver only supports Chrome version 103
Current browser version is 105.0.5195.53 with binary path C:\Program Files (x86)\Google\Chrome\Application\chrome.exe
Build info: version: &amp;apos;3.141.59&amp;apos;, revision: &amp;apos;e82be7d358&amp;apos;, time: &amp;apos;2018-11-14T08:17:03&amp;apos;
System info: host: &amp;apos;DESKTOP-NJMF2GL&amp;apos;, ip: &amp;apos;192.168.248.193&amp;apos;, os.name: &amp;apos;Windows 10&amp;apos;, os.arch: &amp;apos;amd64&amp;apos;, os.version: &amp;apos;10.0&amp;apos;, java.version: &amp;apos;17.0.2&amp;apos;
Driver info: driver.version: ChromeDriver
remote stacktrace: Backtrace:
	Ordinal0 [0x00716463+2188387]
	Ordinal0 [0x006AE461+1762401]
	Ordinal0 [0x005C3D78+802168]
	Ordinal0 [0x005E4E59+937561]
	Ordinal0 [0x005E0A6C+920172]
	Ordinal0 [0x005DE331+910129]
	Ordinal0 [0x00611430+1119280]
	Ordinal0 [0x0061108A+1118346]
	Ordinal0 [0x0060C5F6+1099254]
	Ordinal0 [0x005E6BE0+945120]
	Ordinal0 [0x005E7AD6+948950]
	GetHandleVerifier [0x009B71F2+2712546]
	GetHandleVerifier [0x009A886D+2652765]
	GetHandleVerifier [0x007A002A+520730]
	GetHandleVerifier [0x0079EE06+516086]
	Ordinal0 [0x006B468B+1787531]
	Ordinal0 [0x006B8E88+1805960]
	Ordinal0 [0x006B8F75+1806197]
	Ordinal0 [0x006C1DF1+1842673]
	BaseThreadInitThunk [0x768DFA29+25]
	RtlGetAppContainerNamedObjectPath [0x77A97A9E+286]
	RtlGetAppContainerNamedObjectPath [0x77A97A6E+238]
">
      <![CDATA[org.openqa.selenium.SessionNotCreatedException: session not created: This version of ChromeDriver only supports Chrome version 103
Current browser version is 105.0.5195.53 with binary path C:\Program Files (x86)\Google\Chrome\Application\chrome.exe
Build info: version: '3.141.59', revision: 'e82be7d358', time: '2018-11-14T08:17:03'
System info: host: 'DESKTOP-NJMF2GL', ip: '192.168.248.193', os.name: 'Windows 10', os.arch: 'amd64', os.version: '10.0', java.version: '17.0.2'
Driver info: driver.version: ChromeDriver
remote stacktrace: Backtrace:
Ordinal0 [0x00716463+2188387]
Ordinal0 [0x006AE461+1762401]
Ordinal0 [0x005C3D78+802168]
Ordinal0 [0x005E4E59+937561]
Ordinal0 [0x005E0A6C+920172]
Ordinal0 [0x005DE331+910129]
Ordinal0 [0x00611430+1119280]
Ordinal0 [0x0061108A+1118346]
Ordinal0 [0x0060C5F6+1099254]
Ordinal0 [0x005E6BE0+945120]
Ordinal0 [0x005E7AD6+948950]
GetHandleVerifier [0x009B71F2+2712546]
GetHandleVerifier [0x009A886D+2652765]
GetHandleVerifier [0x007A002A+520730]
GetHandleVerifier [0x0079EE06+516086]
Ordinal0 [0x006B468B+1787531]
Ordinal0 [0x006B8E88+1805960]
Ordinal0 [0x006B8F75+1806197]
Ordinal0 [0x006C1DF1+1842673]
BaseThreadInitThunk [0x768DFA29+25]
RtlGetAppContainerNamedObjectPath [0x77A97A9E+286]
RtlGetAppContainerNamedObjectPath [0x77A97A6E+238]

at org.openqa.selenium.remote.W3CHandshakeResponse.lambda$errorHandler$0(W3CHandshakeResponse.java:62)
at org.openqa.selenium.remote.HandshakeResponse.lambda$getResponseFunction$0(HandshakeResponse.java:30)
at org.openqa.selenium.remote.ProtocolHandshake.lambda$createSession$0(ProtocolHandshake.java:126)
at java.base/java.util.stream.ReferencePipeline$3$1.accept(ReferencePipeline.java:197)
at java.base/java.util.Spliterators$ArraySpliterator.tryAdvance(Spliterators.java:1002)
at java.base/java.util.stream.ReferencePipeline.forEachWithCancel(ReferencePipeline.java:129)
at java.base/java.util.stream.AbstractPipeline.copyIntoWithCancel(AbstractPipeline.java:527)
at java.base/java.util.stream.AbstractPipeline.copyInto(AbstractPipeline.java:513)
at java.base/java.util.stream.AbstractPipeline.wrapAndCopyInto(AbstractPipeline.java:499)
at java.base/java.util.stream.FindOps$FindOp.evaluateSequential(FindOps.java:150)
at java.base/java.util.stream.AbstractPipeline.evaluate(AbstractPipeline.java:234)
at java.base/java.util.stream.ReferencePipeline.findFirst(ReferencePipeline.java:647)
at org.openqa.selenium.remote.ProtocolHandshake.createSession(ProtocolHandshake.java:128)
at org.openqa.selenium.remote.ProtocolHandshake.createSession(ProtocolHandshake.java:74)
at org.openqa.selenium.remote.HttpCommandExecutor.execute(HttpCommandExecutor.java:136)
at org.openqa.selenium.remote.service.DriverCommandExecutor.execute(DriverCommandExecutor.java:83)
at org.openqa.selenium.remote.RemoteWebDriver.execute(RemoteWebDriver.java:552)
at org.openqa.selenium.remote.RemoteWebDriver.startSession(RemoteWebDriver.java:213)
at org.openqa.selenium.remote.RemoteWebDriver.<init>(RemoteWebDriver.java:131)
at org.openqa.selenium.chrome.ChromeDriver.<init>(ChromeDriver.java:181)
at org.openqa.selenium.chrome.ChromeDriver.<init>(ChromeDriver.java:168)
at org.openqa.selenium.chrome.ChromeDriver.<init>(ChromeDriver.java:123)
at Com.SacuceDemoTESTclass.TEST_BASE_CLASS.setUp(TEST_BASE_CLASS.java:32)
at java.base/java.util.concurrent.ThreadPoolExecutor.runWorker(ThreadPoolExecutor.java:1136)
at java.base/java.util.concurrent.ThreadPoolExecutor$Worker.run(ThreadPoolExecutor.java:635)
at java.base/java.lang.Thread.run(Thread.java:833)
... Removed 18 stack frames]]>
    </failure>
  </testcase> <!-- @BeforeMethod setUp -->
  <testcase classname="Com.SacuceDemoTESTclass.TEST_BASE_CLASS" name="@BeforeMethod setUp" time="9.516">
    <failure type="org.openqa.selenium.SessionNotCreatedException" message="session not created: This version of ChromeDriver only supports Chrome version 103
Current browser version is 105.0.5195.53 with binary path C:\Program Files (x86)\Google\Chrome\Application\chrome.exe
Build info: version: &amp;apos;3.141.59&amp;apos;, revision: &amp;apos;e82be7d358&amp;apos;, time: &amp;apos;2018-11-14T08:17:03&amp;apos;
System info: host: &amp;apos;DESKTOP-NJMF2GL&amp;apos;, ip: &amp;apos;192.168.248.193&amp;apos;, os.name: &amp;apos;Windows 10&amp;apos;, os.arch: &amp;apos;amd64&amp;apos;, os.version: &amp;apos;10.0&amp;apos;, java.version: &amp;apos;17.0.2&amp;apos;
Driver info: driver.version: ChromeDriver
remote stacktrace: Backtrace:
	Ordinal0 [0x00716463+2188387]
	Ordinal0 [0x006AE461+1762401]
	Ordinal0 [0x005C3D78+802168]
	Ordinal0 [0x005E4E59+937561]
	Ordinal0 [0x005E0A6C+920172]
	Ordinal0 [0x005DE331+910129]
	Ordinal0 [0x00611430+1119280]
	Ordinal0 [0x0061108A+1118346]
	Ordinal0 [0x0060C5F6+1099254]
	Ordinal0 [0x005E6BE0+945120]
	Ordinal0 [0x005E7AD6+948950]
	GetHandleVerifier [0x009B71F2+2712546]
	GetHandleVerifier [0x009A886D+2652765]
	GetHandleVerifier [0x007A002A+520730]
	GetHandleVerifier [0x0079EE06+516086]
	Ordinal0 [0x006B468B+1787531]
	Ordinal0 [0x006B8E88+1805960]
	Ordinal0 [0x006B8F75+1806197]
	Ordinal0 [0x006C1DF1+1842673]
	BaseThreadInitThunk [0x768DFA29+25]
	RtlGetAppContainerNamedObjectPath [0x77A97A9E+286]
	RtlGetAppContainerNamedObjectPath [0x77A97A6E+238]
">
      <![CDATA[org.openqa.selenium.SessionNotCreatedException: session not created: This version of ChromeDriver only supports Chrome version 103
Current browser version is 105.0.5195.53 with binary path C:\Program Files (x86)\Google\Chrome\Application\chrome.exe
Build info: version: '3.141.59', revision: 'e82be7d358', time: '2018-11-14T08:17:03'
System info: host: 'DESKTOP-NJMF2GL', ip: '192.168.248.193', os.name: 'Windows 10', os.arch: 'amd64', os.version: '10.0', java.version: '17.0.2'
Driver info: driver.version: ChromeDriver
remote stacktrace: Backtrace:
Ordinal0 [0x00716463+2188387]
Ordinal0 [0x006AE461+1762401]
Ordinal0 [0x005C3D78+802168]
Ordinal0 [0x005E4E59+937561]
Ordinal0 [0x005E0A6C+920172]
Ordinal0 [0x005DE331+910129]
Ordinal0 [0x00611430+1119280]
Ordinal0 [0x0061108A+1118346]
Ordinal0 [0x0060C5F6+1099254]
Ordinal0 [0x005E6BE0+945120]
Ordinal0 [0x005E7AD6+948950]
GetHandleVerifier [0x009B71F2+2712546]
GetHandleVerifier [0x009A886D+2652765]
GetHandleVerifier [0x007A002A+520730]
GetHandleVerifier [0x0079EE06+516086]
Ordinal0 [0x006B468B+1787531]
Ordinal0 [0x006B8E88+1805960]
Ordinal0 [0x006B8F75+1806197]
Ordinal0 [0x006C1DF1+1842673]
BaseThreadInitThunk [0x768DFA29+25]
RtlGetAppContainerNamedObjectPath [0x77A97A9E+286]
RtlGetAppContainerNamedObjectPath [0x77A97A6E+238]

at org.openqa.selenium.remote.W3CHandshakeResponse.lambda$errorHandler$0(W3CHandshakeResponse.java:62)
at org.openqa.selenium.remote.HandshakeResponse.lambda$getResponseFunction$0(HandshakeResponse.java:30)
at org.openqa.selenium.remote.ProtocolHandshake.lambda$createSession$0(ProtocolHandshake.java:126)
at java.base/java.util.stream.ReferencePipeline$3$1.accept(ReferencePipeline.java:197)
at java.base/java.util.Spliterators$ArraySpliterator.tryAdvance(Spliterators.java:1002)
at java.base/java.util.stream.ReferencePipeline.forEachWithCancel(ReferencePipeline.java:129)
at java.base/java.util.stream.AbstractPipeline.copyIntoWithCancel(AbstractPipeline.java:527)
at java.base/java.util.stream.AbstractPipeline.copyInto(AbstractPipeline.java:513)
at java.base/java.util.stream.AbstractPipeline.wrapAndCopyInto(AbstractPipeline.java:499)
at java.base/java.util.stream.FindOps$FindOp.evaluateSequential(FindOps.java:150)
at java.base/java.util.stream.AbstractPipeline.evaluate(AbstractPipeline.java:234)
at java.base/java.util.stream.ReferencePipeline.findFirst(ReferencePipeline.java:647)
at org.openqa.selenium.remote.ProtocolHandshake.createSession(ProtocolHandshake.java:128)
at org.openqa.selenium.remote.ProtocolHandshake.createSession(ProtocolHandshake.java:74)
at org.openqa.selenium.remote.HttpCommandExecutor.execute(HttpCommandExecutor.java:136)
at org.openqa.selenium.remote.service.DriverCommandExecutor.execute(DriverCommandExecutor.java:83)
at org.openqa.selenium.remote.RemoteWebDriver.execute(RemoteWebDriver.java:552)
at org.openqa.selenium.remote.RemoteWebDriver.startSession(RemoteWebDriver.java:213)
at org.openqa.selenium.remote.RemoteWebDriver.<init>(RemoteWebDriver.java:131)
at org.openqa.selenium.chrome.ChromeDriver.<init>(ChromeDriver.java:181)
at org.openqa.selenium.chrome.ChromeDriver.<init>(ChromeDriver.java:168)
at org.openqa.selenium.chrome.ChromeDriver.<init>(ChromeDriver.java:123)
at Com.SacuceDemoTESTclass.TEST_BASE_CLASS.setUp(TEST_BASE_CLASS.java:32)
at java.base/java.util.concurrent.ThreadPoolExecutor.runWorker(ThreadPoolExecutor.java:1136)
at java.base/java.util.concurrent.ThreadPoolExecutor$Worker.run(ThreadPoolExecutor.java:635)
at java.base/java.lang.Thread.run(Thread.java:833)
... Removed 18 stack frames]]>
    </failure>
  </testcase> <!-- @BeforeMethod setUp -->
  <testcase classname="Com.SacuceDemoTESTclass.TEST_BASE_CLASS" name="@BeforeMethod setUp" time="9.51">
    <failure type="org.openqa.selenium.SessionNotCreatedException" message="session not created: This version of ChromeDriver only supports Chrome version 103
Current browser version is 105.0.5195.53 with binary path C:\Program Files (x86)\Google\Chrome\Application\chrome.exe
Build info: version: &amp;apos;3.141.59&amp;apos;, revision: &amp;apos;e82be7d358&amp;apos;, time: &amp;apos;2018-11-14T08:17:03&amp;apos;
System info: host: &amp;apos;DESKTOP-NJMF2GL&amp;apos;, ip: &amp;apos;192.168.248.193&amp;apos;, os.name: &amp;apos;Windows 10&amp;apos;, os.arch: &amp;apos;amd64&amp;apos;, os.version: &amp;apos;10.0&amp;apos;, java.version: &amp;apos;17.0.2&amp;apos;
Driver info: driver.version: ChromeDriver
remote stacktrace: Backtrace:
	Ordinal0 [0x00716463+2188387]
	Ordinal0 [0x006AE461+1762401]
	Ordinal0 [0x005C3D78+802168]
	Ordinal0 [0x005E4E59+937561]
	Ordinal0 [0x005E0A6C+920172]
	Ordinal0 [0x005DE331+910129]
	Ordinal0 [0x00611430+1119280]
	Ordinal0 [0x0061108A+1118346]
	Ordinal0 [0x0060C5F6+1099254]
	Ordinal0 [0x005E6BE0+945120]
	Ordinal0 [0x005E7AD6+948950]
	GetHandleVerifier [0x009B71F2+2712546]
	GetHandleVerifier [0x009A886D+2652765]
	GetHandleVerifier [0x007A002A+520730]
	GetHandleVerifier [0x0079EE06+516086]
	Ordinal0 [0x006B468B+1787531]
	Ordinal0 [0x006B8E88+1805960]
	Ordinal0 [0x006B8F75+1806197]
	Ordinal0 [0x006C1DF1+1842673]
	BaseThreadInitThunk [0x768DFA29+25]
	RtlGetAppContainerNamedObjectPath [0x77A97A9E+286]
	RtlGetAppContainerNamedObjectPath [0x77A97A6E+238]
">
      <![CDATA[org.openqa.selenium.SessionNotCreatedException: session not created: This version of ChromeDriver only supports Chrome version 103
Current browser version is 105.0.5195.53 with binary path C:\Program Files (x86)\Google\Chrome\Application\chrome.exe
Build info: version: '3.141.59', revision: 'e82be7d358', time: '2018-11-14T08:17:03'
System info: host: 'DESKTOP-NJMF2GL', ip: '192.168.248.193', os.name: 'Windows 10', os.arch: 'amd64', os.version: '10.0', java.version: '17.0.2'
Driver info: driver.version: ChromeDriver
remote stacktrace: Backtrace:
Ordinal0 [0x00716463+2188387]
Ordinal0 [0x006AE461+1762401]
Ordinal0 [0x005C3D78+802168]
Ordinal0 [0x005E4E59+937561]
Ordinal0 [0x005E0A6C+920172]
Ordinal0 [0x005DE331+910129]
Ordinal0 [0x00611430+1119280]
Ordinal0 [0x0061108A+1118346]
Ordinal0 [0x0060C5F6+1099254]
Ordinal0 [0x005E6BE0+945120]
Ordinal0 [0x005E7AD6+948950]
GetHandleVerifier [0x009B71F2+2712546]
GetHandleVerifier [0x009A886D+2652765]
GetHandleVerifier [0x007A002A+520730]
GetHandleVerifier [0x0079EE06+516086]
Ordinal0 [0x006B468B+1787531]
Ordinal0 [0x006B8E88+1805960]
Ordinal0 [0x006B8F75+1806197]
Ordinal0 [0x006C1DF1+1842673]
BaseThreadInitThunk [0x768DFA29+25]
RtlGetAppContainerNamedObjectPath [0x77A97A9E+286]
RtlGetAppContainerNamedObjectPath [0x77A97A6E+238]

at org.openqa.selenium.remote.W3CHandshakeResponse.lambda$errorHandler$0(W3CHandshakeResponse.java:62)
at org.openqa.selenium.remote.HandshakeResponse.lambda$getResponseFunction$0(HandshakeResponse.java:30)
at org.openqa.selenium.remote.ProtocolHandshake.lambda$createSession$0(ProtocolHandshake.java:126)
at java.base/java.util.stream.ReferencePipeline$3$1.accept(ReferencePipeline.java:197)
at java.base/java.util.Spliterators$ArraySpliterator.tryAdvance(Spliterators.java:1002)
at java.base/java.util.stream.ReferencePipeline.forEachWithCancel(ReferencePipeline.java:129)
at java.base/java.util.stream.AbstractPipeline.copyIntoWithCancel(AbstractPipeline.java:527)
at java.base/java.util.stream.AbstractPipeline.copyInto(AbstractPipeline.java:513)
at java.base/java.util.stream.AbstractPipeline.wrapAndCopyInto(AbstractPipeline.java:499)
at java.base/java.util.stream.FindOps$FindOp.evaluateSequential(FindOps.java:150)
at java.base/java.util.stream.AbstractPipeline.evaluate(AbstractPipeline.java:234)
at java.base/java.util.stream.ReferencePipeline.findFirst(ReferencePipeline.java:647)
at org.openqa.selenium.remote.ProtocolHandshake.createSession(ProtocolHandshake.java:128)
at org.openqa.selenium.remote.ProtocolHandshake.createSession(ProtocolHandshake.java:74)
at org.openqa.selenium.remote.HttpCommandExecutor.execute(HttpCommandExecutor.java:136)
at org.openqa.selenium.remote.service.DriverCommandExecutor.execute(DriverCommandExecutor.java:83)
at org.openqa.selenium.remote.RemoteWebDriver.execute(RemoteWebDriver.java:552)
at org.openqa.selenium.remote.RemoteWebDriver.startSession(RemoteWebDriver.java:213)
at org.openqa.selenium.remote.RemoteWebDriver.<init>(RemoteWebDriver.java:131)
at org.openqa.selenium.chrome.ChromeDriver.<init>(ChromeDriver.java:181)
at org.openqa.selenium.chrome.ChromeDriver.<init>(ChromeDriver.java:168)
at org.openqa.selenium.chrome.ChromeDriver.<init>(ChromeDriver.java:123)
at Com.SacuceDemoTESTclass.TEST_BASE_CLASS.setUp(TEST_BASE_CLASS.java:32)
at java.base/java.util.concurrent.ThreadPoolExecutor.runWorker(ThreadPoolExecutor.java:1136)
at java.base/java.util.concurrent.ThreadPoolExecutor$Worker.run(ThreadPoolExecutor.java:635)
at java.base/java.lang.Thread.run(Thread.java:833)
... Removed 18 stack frames]]>
    </failure>
  </testcase> <!-- @BeforeMethod setUp -->
  <testcase classname="Com.SacuceDemoTESTclass.TEST_BASE_CLASS" name="@BeforeMethod setUp" time="9.516">
    <failure type="org.openqa.selenium.SessionNotCreatedException" message="session not created: This version of ChromeDriver only supports Chrome version 103
Current browser version is 105.0.5195.53 with binary path C:\Program Files (x86)\Google\Chrome\Application\chrome.exe
Build info: version: &amp;apos;3.141.59&amp;apos;, revision: &amp;apos;e82be7d358&amp;apos;, time: &amp;apos;2018-11-14T08:17:03&amp;apos;
System info: host: &amp;apos;DESKTOP-NJMF2GL&amp;apos;, ip: &amp;apos;192.168.248.193&amp;apos;, os.name: &amp;apos;Windows 10&amp;apos;, os.arch: &amp;apos;amd64&amp;apos;, os.version: &amp;apos;10.0&amp;apos;, java.version: &amp;apos;17.0.2&amp;apos;
Driver info: driver.version: ChromeDriver
remote stacktrace: Backtrace:
	Ordinal0 [0x00716463+2188387]
	Ordinal0 [0x006AE461+1762401]
	Ordinal0 [0x005C3D78+802168]
	Ordinal0 [0x005E4E59+937561]
	Ordinal0 [0x005E0A6C+920172]
	Ordinal0 [0x005DE331+910129]
	Ordinal0 [0x00611430+1119280]
	Ordinal0 [0x0061108A+1118346]
	Ordinal0 [0x0060C5F6+1099254]
	Ordinal0 [0x005E6BE0+945120]
	Ordinal0 [0x005E7AD6+948950]
	GetHandleVerifier [0x009B71F2+2712546]
	GetHandleVerifier [0x009A886D+2652765]
	GetHandleVerifier [0x007A002A+520730]
	GetHandleVerifier [0x0079EE06+516086]
	Ordinal0 [0x006B468B+1787531]
	Ordinal0 [0x006B8E88+1805960]
	Ordinal0 [0x006B8F75+1806197]
	Ordinal0 [0x006C1DF1+1842673]
	BaseThreadInitThunk [0x768DFA29+25]
	RtlGetAppContainerNamedObjectPath [0x77A97A9E+286]
	RtlGetAppContainerNamedObjectPath [0x77A97A6E+238]
">
      <![CDATA[org.openqa.selenium.SessionNotCreatedException: session not created: This version of ChromeDriver only supports Chrome version 103
Current browser version is 105.0.5195.53 with binary path C:\Program Files (x86)\Google\Chrome\Application\chrome.exe
Build info: version: '3.141.59', revision: 'e82be7d358', time: '2018-11-14T08:17:03'
System info: host: 'DESKTOP-NJMF2GL', ip: '192.168.248.193', os.name: 'Windows 10', os.arch: 'amd64', os.version: '10.0', java.version: '17.0.2'
Driver info: driver.version: ChromeDriver
remote stacktrace: Backtrace:
Ordinal0 [0x00716463+2188387]
Ordinal0 [0x006AE461+1762401]
Ordinal0 [0x005C3D78+802168]
Ordinal0 [0x005E4E59+937561]
Ordinal0 [0x005E0A6C+920172]
Ordinal0 [0x005DE331+910129]
Ordinal0 [0x00611430+1119280]
Ordinal0 [0x0061108A+1118346]
Ordinal0 [0x0060C5F6+1099254]
Ordinal0 [0x005E6BE0+945120]
Ordinal0 [0x005E7AD6+948950]
GetHandleVerifier [0x009B71F2+2712546]
GetHandleVerifier [0x009A886D+2652765]
GetHandleVerifier [0x007A002A+520730]
GetHandleVerifier [0x0079EE06+516086]
Ordinal0 [0x006B468B+1787531]
Ordinal0 [0x006B8E88+1805960]
Ordinal0 [0x006B8F75+1806197]
Ordinal0 [0x006C1DF1+1842673]
BaseThreadInitThunk [0x768DFA29+25]
RtlGetAppContainerNamedObjectPath [0x77A97A9E+286]
RtlGetAppContainerNamedObjectPath [0x77A97A6E+238]

at org.openqa.selenium.remote.W3CHandshakeResponse.lambda$errorHandler$0(W3CHandshakeResponse.java:62)
at org.openqa.selenium.remote.HandshakeResponse.lambda$getResponseFunction$0(HandshakeResponse.java:30)
at org.openqa.selenium.remote.ProtocolHandshake.lambda$createSession$0(ProtocolHandshake.java:126)
at java.base/java.util.stream.ReferencePipeline$3$1.accept(ReferencePipeline.java:197)
at java.base/java.util.Spliterators$ArraySpliterator.tryAdvance(Spliterators.java:1002)
at java.base/java.util.stream.ReferencePipeline.forEachWithCancel(ReferencePipeline.java:129)
at java.base/java.util.stream.AbstractPipeline.copyIntoWithCancel(AbstractPipeline.java:527)
at java.base/java.util.stream.AbstractPipeline.copyInto(AbstractPipeline.java:513)
at java.base/java.util.stream.AbstractPipeline.wrapAndCopyInto(AbstractPipeline.java:499)
at java.base/java.util.stream.FindOps$FindOp.evaluateSequential(FindOps.java:150)
at java.base/java.util.stream.AbstractPipeline.evaluate(AbstractPipeline.java:234)
at java.base/java.util.stream.ReferencePipeline.findFirst(ReferencePipeline.java:647)
at org.openqa.selenium.remote.ProtocolHandshake.createSession(ProtocolHandshake.java:128)
at org.openqa.selenium.remote.ProtocolHandshake.createSession(ProtocolHandshake.java:74)
at org.openqa.selenium.remote.HttpCommandExecutor.execute(HttpCommandExecutor.java:136)
at org.openqa.selenium.remote.service.DriverCommandExecutor.execute(DriverCommandExecutor.java:83)
at org.openqa.selenium.remote.RemoteWebDriver.execute(RemoteWebDriver.java:552)
at org.openqa.selenium.remote.RemoteWebDriver.startSession(RemoteWebDriver.java:213)
at org.openqa.selenium.remote.RemoteWebDriver.<init>(RemoteWebDriver.java:131)
at org.openqa.selenium.chrome.ChromeDriver.<init>(ChromeDriver.java:181)
at org.openqa.selenium.chrome.ChromeDriver.<init>(ChromeDriver.java:168)
at org.openqa.selenium.chrome.ChromeDriver.<init>(ChromeDriver.java:123)
at Com.SacuceDemoTESTclass.TEST_BASE_CLASS.setUp(TEST_BASE_CLASS.java:32)
at java.base/java.util.concurrent.ThreadPoolExecutor.runWorker(ThreadPoolExecutor.java:1136)
at java.base/java.util.concurrent.ThreadPoolExecutor$Worker.run(ThreadPoolExecutor.java:635)
at java.base/java.lang.Thread.run(Thread.java:833)
... Removed 18 stack frames]]>
    </failure>
  </testcase> <!-- @BeforeMethod setUp -->
  <testcase classname="Com.SacuceDemoTESTclass.TEST_BASE_CLASS" name="@BeforeMethod setUp" time="9.517">
    <failure type="org.openqa.selenium.SessionNotCreatedException" message="session not created: This version of ChromeDriver only supports Chrome version 103
Current browser version is 105.0.5195.53 with binary path C:\Program Files (x86)\Google\Chrome\Application\chrome.exe
Build info: version: &amp;apos;3.141.59&amp;apos;, revision: &amp;apos;e82be7d358&amp;apos;, time: &amp;apos;2018-11-14T08:17:03&amp;apos;
System info: host: &amp;apos;DESKTOP-NJMF2GL&amp;apos;, ip: &amp;apos;192.168.248.193&amp;apos;, os.name: &amp;apos;Windows 10&amp;apos;, os.arch: &amp;apos;amd64&amp;apos;, os.version: &amp;apos;10.0&amp;apos;, java.version: &amp;apos;17.0.2&amp;apos;
Driver info: driver.version: ChromeDriver
remote stacktrace: Backtrace:
	Ordinal0 [0x00716463+2188387]
	Ordinal0 [0x006AE461+1762401]
	Ordinal0 [0x005C3D78+802168]
	Ordinal0 [0x005E4E59+937561]
	Ordinal0 [0x005E0A6C+920172]
	Ordinal0 [0x005DE331+910129]
	Ordinal0 [0x00611430+1119280]
	Ordinal0 [0x0061108A+1118346]
	Ordinal0 [0x0060C5F6+1099254]
	Ordinal0 [0x005E6BE0+945120]
	Ordinal0 [0x005E7AD6+948950]
	GetHandleVerifier [0x009B71F2+2712546]
	GetHandleVerifier [0x009A886D+2652765]
	GetHandleVerifier [0x007A002A+520730]
	GetHandleVerifier [0x0079EE06+516086]
	Ordinal0 [0x006B468B+1787531]
	Ordinal0 [0x006B8E88+1805960]
	Ordinal0 [0x006B8F75+1806197]
	Ordinal0 [0x006C1DF1+1842673]
	BaseThreadInitThunk [0x768DFA29+25]
	RtlGetAppContainerNamedObjectPath [0x77A97A9E+286]
	RtlGetAppContainerNamedObjectPath [0x77A97A6E+238]
">
      <![CDATA[org.openqa.selenium.SessionNotCreatedException: session not created: This version of ChromeDriver only supports Chrome version 103
Current browser version is 105.0.5195.53 with binary path C:\Program Files (x86)\Google\Chrome\Application\chrome.exe
Build info: version: '3.141.59', revision: 'e82be7d358', time: '2018-11-14T08:17:03'
System info: host: 'DESKTOP-NJMF2GL', ip: '192.168.248.193', os.name: 'Windows 10', os.arch: 'amd64', os.version: '10.0', java.version: '17.0.2'
Driver info: driver.version: ChromeDriver
remote stacktrace: Backtrace:
Ordinal0 [0x00716463+2188387]
Ordinal0 [0x006AE461+1762401]
Ordinal0 [0x005C3D78+802168]
Ordinal0 [0x005E4E59+937561]
Ordinal0 [0x005E0A6C+920172]
Ordinal0 [0x005DE331+910129]
Ordinal0 [0x00611430+1119280]
Ordinal0 [0x0061108A+1118346]
Ordinal0 [0x0060C5F6+1099254]
Ordinal0 [0x005E6BE0+945120]
Ordinal0 [0x005E7AD6+948950]
GetHandleVerifier [0x009B71F2+2712546]
GetHandleVerifier [0x009A886D+2652765]
GetHandleVerifier [0x007A002A+520730]
GetHandleVerifier [0x0079EE06+516086]
Ordinal0 [0x006B468B+1787531]
Ordinal0 [0x006B8E88+1805960]
Ordinal0 [0x006B8F75+1806197]
Ordinal0 [0x006C1DF1+1842673]
BaseThreadInitThunk [0x768DFA29+25]
RtlGetAppContainerNamedObjectPath [0x77A97A9E+286]
RtlGetAppContainerNamedObjectPath [0x77A97A6E+238]

at org.openqa.selenium.remote.W3CHandshakeResponse.lambda$errorHandler$0(W3CHandshakeResponse.java:62)
at org.openqa.selenium.remote.HandshakeResponse.lambda$getResponseFunction$0(HandshakeResponse.java:30)
at org.openqa.selenium.remote.ProtocolHandshake.lambda$createSession$0(ProtocolHandshake.java:126)
at java.base/java.util.stream.ReferencePipeline$3$1.accept(ReferencePipeline.java:197)
at java.base/java.util.Spliterators$ArraySpliterator.tryAdvance(Spliterators.java:1002)
at java.base/java.util.stream.ReferencePipeline.forEachWithCancel(ReferencePipeline.java:129)
at java.base/java.util.stream.AbstractPipeline.copyIntoWithCancel(AbstractPipeline.java:527)
at java.base/java.util.stream.AbstractPipeline.copyInto(AbstractPipeline.java:513)
at java.base/java.util.stream.AbstractPipeline.wrapAndCopyInto(AbstractPipeline.java:499)
at java.base/java.util.stream.FindOps$FindOp.evaluateSequential(FindOps.java:150)
at java.base/java.util.stream.AbstractPipeline.evaluate(AbstractPipeline.java:234)
at java.base/java.util.stream.ReferencePipeline.findFirst(ReferencePipeline.java:647)
at org.openqa.selenium.remote.ProtocolHandshake.createSession(ProtocolHandshake.java:128)
at org.openqa.selenium.remote.ProtocolHandshake.createSession(ProtocolHandshake.java:74)
at org.openqa.selenium.remote.HttpCommandExecutor.execute(HttpCommandExecutor.java:136)
at org.openqa.selenium.remote.service.DriverCommandExecutor.execute(DriverCommandExecutor.java:83)
at org.openqa.selenium.remote.RemoteWebDriver.execute(RemoteWebDriver.java:552)
at org.openqa.selenium.remote.RemoteWebDriver.startSession(RemoteWebDriver.java:213)
at org.openqa.selenium.remote.RemoteWebDriver.<init>(RemoteWebDriver.java:131)
at org.openqa.selenium.chrome.ChromeDriver.<init>(ChromeDriver.java:181)
at org.openqa.selenium.chrome.ChromeDriver.<init>(ChromeDriver.java:168)
at org.openqa.selenium.chrome.ChromeDriver.<init>(ChromeDriver.java:123)
at Com.SacuceDemoTESTclass.TEST_BASE_CLASS.setUp(TEST_BASE_CLASS.java:32)
at java.base/java.util.concurrent.ThreadPoolExecutor.runWorker(ThreadPoolExecutor.java:1136)
at java.base/java.util.concurrent.ThreadPoolExecutor$Worker.run(ThreadPoolExecutor.java:635)
at java.base/java.lang.Thread.run(Thread.java:833)
... Removed 18 stack frames]]>
    </failure>
  </testcase> <!-- @BeforeMethod setUp -->
  <testcase classname="Com.SacuceDemoTESTclass.TEST_BASE_CLASS" name="@AfterMethod tearDown" time="0.0">
    <skipped/>
  </testcase> <!-- @AfterMethod tearDown -->
  <testcase classname="Com.SacuceDemoTESTclass.TEST_BASE_CLASS" name="@AfterMethod tearDown" time="0.0">
    <skipped/>
  </testcase> <!-- @AfterMethod tearDown -->
  <testcase classname="Com.SacuceDemoTESTclass.TEST_BASE_CLASS" name="@AfterMethod tearDown" time="0.0">
    <skipped/>
  </testcase> <!-- @AfterMethod tearDown -->
  <testcase classname="Com.SacuceDemoTESTclass.TEST_BASE_CLASS" name="@AfterMethod tearDown" time="0.0">
    <skipped/>
  </testcase> <!-- @AfterMethod tearDown -->
  <testcase classname="Com.SacuceDemoTESTclass.TEST_BASE_CLASS" name="@AfterMethod tearDown" time="0.0">
    <skipped/>
  </testcase> <!-- @AfterMethod tearDown -->
  <testcase classname="Com.SacuceDemoTESTclass.TEST_BASE_CLASS" name="@BeforeMethod setUp" time="1.885">
    <failure type="org.openqa.selenium.SessionNotCreatedException" message="session not created: This version of ChromeDriver only supports Chrome version 103
Current browser version is 105.0.5195.53 with binary path C:\Program Files (x86)\Google\Chrome\Application\chrome.exe
Build info: version: &amp;apos;3.141.59&amp;apos;, revision: &amp;apos;e82be7d358&amp;apos;, time: &amp;apos;2018-11-14T08:17:03&amp;apos;
System info: host: &amp;apos;DESKTOP-NJMF2GL&amp;apos;, ip: &amp;apos;192.168.248.193&amp;apos;, os.name: &amp;apos;Windows 10&amp;apos;, os.arch: &amp;apos;amd64&amp;apos;, os.version: &amp;apos;10.0&amp;apos;, java.version: &amp;apos;17.0.2&amp;apos;
Driver info: driver.version: ChromeDriver
remote stacktrace: Backtrace:
	Ordinal0 [0x00716463+2188387]
	Ordinal0 [0x006AE461+1762401]
	Ordinal0 [0x005C3D78+802168]
	Ordinal0 [0x005E4E59+937561]
	Ordinal0 [0x005E0A6C+920172]
	Ordinal0 [0x005DE331+910129]
	Ordinal0 [0x00611430+1119280]
	Ordinal0 [0x0061108A+1118346]
	Ordinal0 [0x0060C5F6+1099254]
	Ordinal0 [0x005E6BE0+945120]
	Ordinal0 [0x005E7AD6+948950]
	GetHandleVerifier [0x009B71F2+2712546]
	GetHandleVerifier [0x009A886D+2652765]
	GetHandleVerifier [0x007A002A+520730]
	GetHandleVerifier [0x0079EE06+516086]
	Ordinal0 [0x006B468B+1787531]
	Ordinal0 [0x006B8E88+1805960]
	Ordinal0 [0x006B8F75+1806197]
	Ordinal0 [0x006C1DF1+1842673]
	BaseThreadInitThunk [0x768DFA29+25]
	RtlGetAppContainerNamedObjectPath [0x77A97A9E+286]
	RtlGetAppContainerNamedObjectPath [0x77A97A6E+238]
">
      <![CDATA[org.openqa.selenium.SessionNotCreatedException: session not created: This version of ChromeDriver only supports Chrome version 103
Current browser version is 105.0.5195.53 with binary path C:\Program Files (x86)\Google\Chrome\Application\chrome.exe
Build info: version: '3.141.59', revision: 'e82be7d358', time: '2018-11-14T08:17:03'
System info: host: 'DESKTOP-NJMF2GL', ip: '192.168.248.193', os.name: 'Windows 10', os.arch: 'amd64', os.version: '10.0', java.version: '17.0.2'
Driver info: driver.version: ChromeDriver
remote stacktrace: Backtrace:
Ordinal0 [0x00716463+2188387]
Ordinal0 [0x006AE461+1762401]
Ordinal0 [0x005C3D78+802168]
Ordinal0 [0x005E4E59+937561]
Ordinal0 [0x005E0A6C+920172]
Ordinal0 [0x005DE331+910129]
Ordinal0 [0x00611430+1119280]
Ordinal0 [0x0061108A+1118346]
Ordinal0 [0x0060C5F6+1099254]
Ordinal0 [0x005E6BE0+945120]
Ordinal0 [0x005E7AD6+948950]
GetHandleVerifier [0x009B71F2+2712546]
GetHandleVerifier [0x009A886D+2652765]
GetHandleVerifier [0x007A002A+520730]
GetHandleVerifier [0x0079EE06+516086]
Ordinal0 [0x006B468B+1787531]
Ordinal0 [0x006B8E88+1805960]
Ordinal0 [0x006B8F75+1806197]
Ordinal0 [0x006C1DF1+1842673]
BaseThreadInitThunk [0x768DFA29+25]
RtlGetAppContainerNamedObjectPath [0x77A97A9E+286]
RtlGetAppContainerNamedObjectPath [0x77A97A6E+238]

at org.openqa.selenium.remote.W3CHandshakeResponse.lambda$errorHandler$0(W3CHandshakeResponse.java:62)
at org.openqa.selenium.remote.HandshakeResponse.lambda$getResponseFunction$0(HandshakeResponse.java:30)
at org.openqa.selenium.remote.ProtocolHandshake.lambda$createSession$0(ProtocolHandshake.java:126)
at java.base/java.util.stream.ReferencePipeline$3$1.accept(ReferencePipeline.java:197)
at java.base/java.util.Spliterators$ArraySpliterator.tryAdvance(Spliterators.java:1002)
at java.base/java.util.stream.ReferencePipeline.forEachWithCancel(ReferencePipeline.java:129)
at java.base/java.util.stream.AbstractPipeline.copyIntoWithCancel(AbstractPipeline.java:527)
at java.base/java.util.stream.AbstractPipeline.copyInto(AbstractPipeline.java:513)
at java.base/java.util.stream.AbstractPipeline.wrapAndCopyInto(AbstractPipeline.java:499)
at java.base/java.util.stream.FindOps$FindOp.evaluateSequential(FindOps.java:150)
at java.base/java.util.stream.AbstractPipeline.evaluate(AbstractPipeline.java:234)
at java.base/java.util.stream.ReferencePipeline.findFirst(ReferencePipeline.java:647)
at org.openqa.selenium.remote.ProtocolHandshake.createSession(ProtocolHandshake.java:128)
at org.openqa.selenium.remote.ProtocolHandshake.createSession(ProtocolHandshake.java:74)
at org.openqa.selenium.remote.HttpCommandExecutor.execute(HttpCommandExecutor.java:136)
at org.openqa.selenium.remote.service.DriverCommandExecutor.execute(DriverCommandExecutor.java:83)
at org.openqa.selenium.remote.RemoteWebDriver.execute(RemoteWebDriver.java:552)
at org.openqa.selenium.remote.RemoteWebDriver.startSession(RemoteWebDriver.java:213)
at org.openqa.selenium.remote.RemoteWebDriver.<init>(RemoteWebDriver.java:131)
at org.openqa.selenium.chrome.ChromeDriver.<init>(ChromeDriver.java:181)
at org.openqa.selenium.chrome.ChromeDriver.<init>(ChromeDriver.java:168)
at org.openqa.selenium.chrome.ChromeDriver.<init>(ChromeDriver.java:123)
at Com.SacuceDemoTESTclass.TEST_BASE_CLASS.setUp(TEST_BASE_CLASS.java:32)
at java.base/java.util.concurrent.ThreadPoolExecutor.runWorker(ThreadPoolExecutor.java:1136)
at java.base/java.util.concurrent.ThreadPoolExecutor$Worker.run(ThreadPoolExecutor.java:635)
at java.base/java.lang.Thread.run(Thread.java:833)
... Removed 18 stack frames]]>
    </failure>
  </testcase> <!-- @BeforeMethod setUp -->
  <testcase classname="Com.SacuceDemoTESTclass.TEST_BASE_CLASS" name="@AfterMethod tearDown" time="0.0">
    <skipped/>
  </testcase> <!-- @AfterMethod tearDown -->
  <testcase classname="Com.SacuceDemoTESTclass.TEST_BASE_CLASS" name="@BeforeMethod setUp" time="3.251">
    <failure type="org.openqa.selenium.SessionNotCreatedException" message="session not created: This version of ChromeDriver only supports Chrome version 103
Current browser version is 105.0.5195.53 with binary path C:\Program Files (x86)\Google\Chrome\Application\chrome.exe
Build info: version: &amp;apos;3.141.59&amp;apos;, revision: &amp;apos;e82be7d358&amp;apos;, time: &amp;apos;2018-11-14T08:17:03&amp;apos;
System info: host: &amp;apos;DESKTOP-NJMF2GL&amp;apos;, ip: &amp;apos;192.168.248.193&amp;apos;, os.name: &amp;apos;Windows 10&amp;apos;, os.arch: &amp;apos;amd64&amp;apos;, os.version: &amp;apos;10.0&amp;apos;, java.version: &amp;apos;17.0.2&amp;apos;
Driver info: driver.version: ChromeDriver
remote stacktrace: Backtrace:
	Ordinal0 [0x00716463+2188387]
	Ordinal0 [0x006AE461+1762401]
	Ordinal0 [0x005C3D78+802168]
	Ordinal0 [0x005E4E59+937561]
	Ordinal0 [0x005E0A6C+920172]
	Ordinal0 [0x005DE331+910129]
	Ordinal0 [0x00611430+1119280]
	Ordinal0 [0x0061108A+1118346]
	Ordinal0 [0x0060C5F6+1099254]
	Ordinal0 [0x005E6BE0+945120]
	Ordinal0 [0x005E7AD6+948950]
	GetHandleVerifier [0x009B71F2+2712546]
	GetHandleVerifier [0x009A886D+2652765]
	GetHandleVerifier [0x007A002A+520730]
	GetHandleVerifier [0x0079EE06+516086]
	Ordinal0 [0x006B468B+1787531]
	Ordinal0 [0x006B8E88+1805960]
	Ordinal0 [0x006B8F75+1806197]
	Ordinal0 [0x006C1DF1+1842673]
	BaseThreadInitThunk [0x768DFA29+25]
	RtlGetAppContainerNamedObjectPath [0x77A97A9E+286]
	RtlGetAppContainerNamedObjectPath [0x77A97A6E+238]
">
      <![CDATA[org.openqa.selenium.SessionNotCreatedException: session not created: This version of ChromeDriver only supports Chrome version 103
Current browser version is 105.0.5195.53 with binary path C:\Program Files (x86)\Google\Chrome\Application\chrome.exe
Build info: version: '3.141.59', revision: 'e82be7d358', time: '2018-11-14T08:17:03'
System info: host: 'DESKTOP-NJMF2GL', ip: '192.168.248.193', os.name: 'Windows 10', os.arch: 'amd64', os.version: '10.0', java.version: '17.0.2'
Driver info: driver.version: ChromeDriver
remote stacktrace: Backtrace:
Ordinal0 [0x00716463+2188387]
Ordinal0 [0x006AE461+1762401]
Ordinal0 [0x005C3D78+802168]
Ordinal0 [0x005E4E59+937561]
Ordinal0 [0x005E0A6C+920172]
Ordinal0 [0x005DE331+910129]
Ordinal0 [0x00611430+1119280]
Ordinal0 [0x0061108A+1118346]
Ordinal0 [0x0060C5F6+1099254]
Ordinal0 [0x005E6BE0+945120]
Ordinal0 [0x005E7AD6+948950]
GetHandleVerifier [0x009B71F2+2712546]
GetHandleVerifier [0x009A886D+2652765]
GetHandleVerifier [0x007A002A+520730]
GetHandleVerifier [0x0079EE06+516086]
Ordinal0 [0x006B468B+1787531]
Ordinal0 [0x006B8E88+1805960]
Ordinal0 [0x006B8F75+1806197]
Ordinal0 [0x006C1DF1+1842673]
BaseThreadInitThunk [0x768DFA29+25]
RtlGetAppContainerNamedObjectPath [0x77A97A9E+286]
RtlGetAppContainerNamedObjectPath [0x77A97A6E+238]

at org.openqa.selenium.remote.W3CHandshakeResponse.lambda$errorHandler$0(W3CHandshakeResponse.java:62)
at org.openqa.selenium.remote.HandshakeResponse.lambda$getResponseFunction$0(HandshakeResponse.java:30)
at org.openqa.selenium.remote.ProtocolHandshake.lambda$createSession$0(ProtocolHandshake.java:126)
at java.base/java.util.stream.ReferencePipeline$3$1.accept(ReferencePipeline.java:197)
at java.base/java.util.Spliterators$ArraySpliterator.tryAdvance(Spliterators.java:1002)
at java.base/java.util.stream.ReferencePipeline.forEachWithCancel(ReferencePipeline.java:129)
at java.base/java.util.stream.AbstractPipeline.copyIntoWithCancel(AbstractPipeline.java:527)
at java.base/java.util.stream.AbstractPipeline.copyInto(AbstractPipeline.java:513)
at java.base/java.util.stream.AbstractPipeline.wrapAndCopyInto(AbstractPipeline.java:499)
at java.base/java.util.stream.FindOps$FindOp.evaluateSequential(FindOps.java:150)
at java.base/java.util.stream.AbstractPipeline.evaluate(AbstractPipeline.java:234)
at java.base/java.util.stream.ReferencePipeline.findFirst(ReferencePipeline.java:647)
at org.openqa.selenium.remote.ProtocolHandshake.createSession(ProtocolHandshake.java:128)
at org.openqa.selenium.remote.ProtocolHandshake.createSession(ProtocolHandshake.java:74)
at org.openqa.selenium.remote.HttpCommandExecutor.execute(HttpCommandExecutor.java:136)
at org.openqa.selenium.remote.service.DriverCommandExecutor.execute(DriverCommandExecutor.java:83)
at org.openqa.selenium.remote.RemoteWebDriver.execute(RemoteWebDriver.java:552)
at org.openqa.selenium.remote.RemoteWebDriver.startSession(RemoteWebDriver.java:213)
at org.openqa.selenium.remote.RemoteWebDriver.<init>(RemoteWebDriver.java:131)
at org.openqa.selenium.chrome.ChromeDriver.<init>(ChromeDriver.java:181)
at org.openqa.selenium.chrome.ChromeDriver.<init>(ChromeDriver.java:168)
at org.openqa.selenium.chrome.ChromeDriver.<init>(ChromeDriver.java:123)
at Com.SacuceDemoTESTclass.TEST_BASE_CLASS.setUp(TEST_BASE_CLASS.java:32)
at java.base/java.util.concurrent.ThreadPoolExecutor.runWorker(ThreadPoolExecutor.java:1136)
at java.base/java.util.concurrent.ThreadPoolExecutor$Worker.run(ThreadPoolExecutor.java:635)
at java.base/java.lang.Thread.run(Thread.java:833)
... Removed 18 stack frames]]>
    </failure>
  </testcase> <!-- @BeforeMethod setUp -->
  <testcase classname="Com.SacuceDemoTESTclass.TEST_BASE_CLASS" name="@AfterMethod tearDown" time="0.0">
    <skipped/>
  </testcase> <!-- @AfterMethod tearDown -->
  <testcase classname="Com.SacuceDemoTESTclass.TC004_VarifyAddMultipleProductInCart" name="multipleProductAddTOCard" time="0.0">
    <skipped/>
  </testcase> <!-- multipleProductAddTOCard -->
  <testcase classname="Com.SacuceDemoTESTclass.TC003_VarifyAbleToBuyProduct" name="buyBagFuctionality" time="0.0">
    <skipped/>
  </testcase> <!-- buyBagFuctionality -->
  <testcase classname="Com.SacuceDemoTESTclass.TC005_VarifyFilterDropdownFunctionality" name="filterDropDownFunctionality" time="0.0">
    <skipped/>
  </testcase> <!-- filterDropDownFunctionality -->
  <testcase classname="Com.SacuceDemoTESTclass.TC002_VarifyLogOutFuctionality" name="logOutfuctionality" time="0.0">
    <skipped/>
  </testcase> <!-- logOutfuctionality -->
  <testcase classname="Com.SacuceDemoTESTclass.TC001_VarifyLogInFuctionality" name="logInfunctionality" time="0.0">
    <skipped/>
  </testcase> <!-- logInfunctionality -->
  <testcase classname="Com.SacuceDemoTESTclass.TC006_VarifyoneProductAddedTocart" name="oneProductAddToCard" time="0.0">
    <skipped/>
  </testcase> <!-- oneProductAddToCard -->
  <testcase classname="Com.SacuceDemoTESTclass.TC007_VarifyAbout" name="aboutFunctionality" time="0.0">
    <skipped/>
  </testcase> <!-- aboutFunctionality -->
</testsuite> <!-- ChromeTest -->
